f:\c++程序\连连看 - 副本\llk\debug\llk.pch
f:\c++程序\连连看 - 副本\llk\debug\vc120.pdb
f:\c++程序\连连看 - 副本\llk\debug\vc120.idb
f:\c++程序\连连看 - 副本\llk\debug\stdafx.obj
f:\c++程序\连连看 - 副本\llk\debug\basegame.obj
f:\c++程序\连连看 - 副本\llk\debug\config.obj
f:\c++程序\连连看 - 副本\llk\debug\easygame.obj
f:\c++程序\连连看 - 副本\llk\debug\easygamedlg.obj
f:\c++程序\连连看 - 副本\llk\debug\gamecontrol.obj
f:\c++程序\连连看 - 副本\llk\debug\gamedlg.obj
f:\c++程序\连连看 - 副本\llk\debug\gamelogic.obj
f:\c++程序\连连看 - 副本\llk\debug\graph.obj
f:\c++程序\连连看 - 副本\llk\debug\helpdialog.obj
f:\c++程序\连连看 - 副本\llk\debug\llk.obj
f:\c++程序\连连看 - 副本\llk\debug\llkdlg.obj
f:\c++程序\连连看 - 副本\llk\debug\rankdlg.obj
f:\c++程序\连连看 - 副本\llk\debug\scoredao.obj
f:\c++程序\连连看 - 副本\llk\debug\scorelogic.obj
f:\c++程序\连连看 - 副本\llk\debug\settingdlg.obj
f:\c++程序\连连看 - 副本\llk\debug\themeoptiondlg.obj
f:\c++程序\连连看 - 副本\debug\llk.ilk
f:\c++程序\连连看 - 副本\debug\llk.exe
f:\c++程序\连连看 - 副本\debug\llk.pdb
f:\c++程序\连连看 - 副本\llk\debug\llk.res
f:\c++程序\连连看 - 副本\llk\debug\llk.tlog\cl.command.1.tlog
f:\c++程序\连连看 - 副本\llk\debug\llk.tlog\cl.read.1.tlog
f:\c++程序\连连看 - 副本\llk\debug\llk.tlog\cl.write.1.tlog
f:\c++程序\连连看 - 副本\llk\debug\llk.tlog\link.command.1.tlog
f:\c++程序\连连看 - 副本\llk\debug\llk.tlog\link.read.1.tlog
f:\c++程序\连连看 - 副本\llk\debug\llk.tlog\link.write.1.tlog
f:\c++程序\连连看 - 副本\llk\debug\llk.tlog\rc.command.1.tlog
f:\c++程序\连连看 - 副本\llk\debug\llk.tlog\rc.read.1.tlog
f:\c++程序\连连看 - 副本\llk\debug\llk.tlog\rc.write.1.tlog
